Analysis & Synthesis report for mini_project
Wed May 24 08:38:45 2023
Quartus Prime Version 22.1std.1 Build 917 02/14/2023 SC Lite Edition


---------------------
; Table of Contents ;
---------------------
  1. Legal Notice
  2. Analysis & Synthesis Summary
  3. Analysis & Synthesis Settings
  4. Parallel Compilation
  5. Analysis & Synthesis IP Cores Summary
  6. Parameter Settings for User Entity Instance: altpll0:inst|altpll:altpll_component
  7. Analysis & Synthesis Messages



----------------
; Legal Notice ;
----------------
Copyright (C) 2023  Intel Corporation. All rights reserved.
Your use of Intel Corporation's design tools, logic functions 
and other software and tools, and any partner logic 
functions, and any output files from any of the foregoing 
(including device programming or simulation files), and any 
associated documentation or information are expressly subject 
to the terms and conditions of the Intel Program License 
Subscription Agreement, the Intel Quartus Prime License Agreement,
the Intel FPGA IP License Agreement, or other applicable license
agreement, including, without limitation, that your use is for
the sole purpose of programming logic devices manufactured by
Intel and sold by Intel or its authorized distributors.  Please
refer to the applicable agreement for further details, at
https://fpgasoftware.intel.com/eula.



+------------------------------------------------------------------------------+
; Analysis & Synthesis Summary                                                 ;
+-----------------------------+------------------------------------------------+
; Analysis & Synthesis Status ; Failed - Wed May 24 08:38:45 2023              ;
; Quartus Prime Version       ; 22.1std.1 Build 917 02/14/2023 SC Lite Edition ;
; Revision Name               ; mini_project                                   ;
; Top-level Entity Name       ; mini_project                                   ;
; Family                      ; Cyclone V                                      ;
; Logic utilization (in ALMs) ; N/A until Partition Merge                      ;
; Total registers             ; N/A until Partition Merge                      ;
; Total pins                  ; N/A until Partition Merge                      ;
; Total virtual pins          ; N/A until Partition Merge                      ;
; Total block memory bits     ; N/A until Partition Merge                      ;
; Total PLLs                  ; N/A until Partition Merge                      ;
; Total DLLs                  ; N/A until Partition Merge                      ;
+-----------------------------+------------------------------------------------+


+---------------------------------------------------------------------------------------------------------------------------+
; Analysis & Synthesis Settings                                                                                             ;
+---------------------------------------------------------------------------------+--------------------+--------------------+
; Option                                                                          ; Setting            ; Default Value      ;
+---------------------------------------------------------------------------------+--------------------+--------------------+
; Device                                                                          ; 5CGXFC7C7F23C8     ;                    ;
; Top-level entity name                                                           ; mini_project       ; mini_project       ;
; Family name                                                                     ; Cyclone V          ; Cyclone V          ;
; Use smart compilation                                                           ; Off                ; Off                ;
; Enable parallel Assembler and Timing Analyzer during compilation                ; On                 ; On                 ;
; Enable compact report table                                                     ; Off                ; Off                ;
; Restructure Multiplexers                                                        ; Auto               ; Auto               ;
; MLAB Add Timing Constraints For Mixed-Port Feed-Through Mode Setting Don't Care ; Off                ; Off                ;
; Create Debugging Nodes for IP Cores                                             ; Off                ; Off                ;
; Preserve fewer node names                                                       ; On                 ; On                 ;
; Intel FPGA IP Evaluation Mode                                                   ; Enable             ; Enable             ;
; Verilog Version                                                                 ; Verilog_2001       ; Verilog_2001       ;
; VHDL Version                                                                    ; VHDL_1993          ; VHDL_1993          ;
; State Machine Processing                                                        ; Auto               ; Auto               ;
; Safe State Machine                                                              ; Off                ; Off                ;
; Extract Verilog State Machines                                                  ; On                 ; On                 ;
; Extract VHDL State Machines                                                     ; On                 ; On                 ;
; Ignore Verilog initial constructs                                               ; Off                ; Off                ;
; Iteration limit for constant Verilog loops                                      ; 5000               ; 5000               ;
; Iteration limit for non-constant Verilog loops                                  ; 250                ; 250                ;
; Add Pass-Through Logic to Inferred RAMs                                         ; On                 ; On                 ;
; Infer RAMs from Raw Logic                                                       ; On                 ; On                 ;
; Parallel Synthesis                                                              ; On                 ; On                 ;
; DSP Block Balancing                                                             ; Auto               ; Auto               ;
; NOT Gate Push-Back                                                              ; On                 ; On                 ;
; Power-Up Don't Care                                                             ; On                 ; On                 ;
; Remove Redundant Logic Cells                                                    ; Off                ; Off                ;
; Remove Duplicate Registers                                                      ; On                 ; On                 ;
; Ignore CARRY Buffers                                                            ; Off                ; Off                ;
; Ignore CASCADE Buffers                                                          ; Off                ; Off                ;
; Ignore GLOBAL Buffers                                                           ; Off                ; Off                ;
; Ignore ROW GLOBAL Buffers                                                       ; Off                ; Off                ;
; Ignore LCELL Buffers                                                            ; Off                ; Off                ;
; Ignore SOFT Buffers                                                             ; On                 ; On                 ;
; Limit AHDL Integers to 32 Bits                                                  ; Off                ; Off                ;
; Optimization Technique                                                          ; Balanced           ; Balanced           ;
; Carry Chain Length                                                              ; 70                 ; 70                 ;
; Auto Carry Chains                                                               ; On                 ; On                 ;
; Auto Open-Drain Pins                                                            ; On                 ; On                 ;
; Perform WYSIWYG Primitive Resynthesis                                           ; Off                ; Off                ;
; Auto ROM Replacement                                                            ; On                 ; On                 ;
; Auto RAM Replacement                                                            ; On                 ; On                 ;
; Auto DSP Block Replacement                                                      ; On                 ; On                 ;
; Auto Shift Register Replacement                                                 ; Auto               ; Auto               ;
; Allow Shift Register Merging across Hierarchies                                 ; Auto               ; Auto               ;
; Auto Clock Enable Replacement                                                   ; On                 ; On                 ;
; Strict RAM Replacement                                                          ; Off                ; Off                ;
; Allow Synchronous Control Signals                                               ; On                 ; On                 ;
; Force Use of Synchronous Clear Signals                                          ; Off                ; Off                ;
; Auto Resource Sharing                                                           ; Off                ; Off                ;
; Allow Any RAM Size For Recognition                                              ; Off                ; Off                ;
; Allow Any ROM Size For Recognition                                              ; Off                ; Off                ;
; Allow Any Shift Register Size For Recognition                                   ; Off                ; Off                ;
; Use LogicLock Constraints during Resource Balancing                             ; On                 ; On                 ;
; Ignore translate_off and synthesis_off directives                               ; Off                ; Off                ;
; Timing-Driven Synthesis                                                         ; On                 ; On                 ;
; Report Parameter Settings                                                       ; On                 ; On                 ;
; Report Source Assignments                                                       ; On                 ; On                 ;
; Report Connectivity Checks                                                      ; On                 ; On                 ;
; Ignore Maximum Fan-Out Assignments                                              ; Off                ; Off                ;
; Synchronization Register Chain Length                                           ; 3                  ; 3                  ;
; Power Optimization During Synthesis                                             ; Normal compilation ; Normal compilation ;
; HDL message level                                                               ; Level2             ; Level2             ;
; Suppress Register Optimization Related Messages                                 ; Off                ; Off                ;
; Number of Removed Registers Reported in Synthesis Report                        ; 5000               ; 5000               ;
; Number of Swept Nodes Reported in Synthesis Report                              ; 5000               ; 5000               ;
; Number of Inverted Registers Reported in Synthesis Report                       ; 100                ; 100                ;
; Clock MUX Protection                                                            ; On                 ; On                 ;
; Auto Gated Clock Conversion                                                     ; Off                ; Off                ;
; Block Design Naming                                                             ; Auto               ; Auto               ;
; SDC constraint protection                                                       ; Off                ; Off                ;
; Synthesis Effort                                                                ; Auto               ; Auto               ;
; Shift Register Replacement - Allow Asynchronous Clear Signal                    ; On                 ; On                 ;
; Pre-Mapping Resynthesis Optimization                                            ; Off                ; Off                ;
; Analysis & Synthesis Message Level                                              ; Medium             ; Medium             ;
; Disable Register Merging Across Hierarchies                                     ; Auto               ; Auto               ;
; Resource Aware Inference For Block RAM                                          ; On                 ; On                 ;
; Automatic Parallel Synthesis                                                    ; On                 ; On                 ;
; Partial Reconfiguration Bitstream ID                                            ; Off                ; Off                ;
+---------------------------------------------------------------------------------+--------------------+--------------------+


+------------------------------------------+
; Parallel Compilation                     ;
+----------------------------+-------------+
; Processors                 ; Number      ;
+----------------------------+-------------+
; Number detected on machine ; 16          ;
; Maximum allowed            ; 16          ;
;                            ;             ;
; Average used               ; 1.00        ;
; Maximum used               ; 1           ;
;                            ;             ;
; Usage by Processor         ; % Time Used ;
;     Processor 1            ; 100.0%      ;
+----------------------------+-------------+


+--------------------------------------------------------------------------------------------------------------+
; Analysis & Synthesis IP Cores Summary                                                                        ;
+--------+--------------+---------+--------------+--------------+----------------------------+-----------------+
; Vendor ; IP Core Name ; Version ; Release Date ; License Type ; Entity Instance            ; IP Include File ;
+--------+--------------+---------+--------------+--------------+----------------------------+-----------------+
; Altera ; ALTPLL       ; 13.0    ; N/A          ; N/A          ; |mini_project|altpll0:inst ; altpll0.vhd     ;
+--------+--------------+---------+--------------+--------------+----------------------------+-----------------+


+-----------------------------------------------------------------------------------+
; Parameter Settings for User Entity Instance: altpll0:inst|altpll:altpll_component ;
+-------------------------------+---------------------------+-----------------------+
; Parameter Name                ; Value                     ; Type                  ;
+-------------------------------+---------------------------+-----------------------+
; OPERATION_MODE                ; NORMAL                    ; Untyped               ;
; PLL_TYPE                      ; AUTO                      ; Untyped               ;
; LPM_HINT                      ; CBX_MODULE_PREFIX=altpll0 ; Untyped               ;
; QUALIFY_CONF_DONE             ; OFF                       ; Untyped               ;
; COMPENSATE_CLOCK              ; CLK0                      ; Untyped               ;
; SCAN_CHAIN                    ; LONG                      ; Untyped               ;
; PRIMARY_CLOCK                 ; INCLK0                    ; Untyped               ;
; INCLK0_INPUT_FREQUENCY        ; 20000                     ; Signed Integer        ;
; INCLK1_INPUT_FREQUENCY        ; 0                         ; Untyped               ;
; GATE_LOCK_SIGNAL              ; NO                        ; Untyped               ;
; GATE_LOCK_COUNTER             ; 0                         ; Untyped               ;
; LOCK_HIGH                     ; 1                         ; Untyped               ;
; LOCK_LOW                      ; 1                         ; Untyped               ;
; VALID_LOCK_MULTIPLIER         ; 1                         ; Untyped               ;
; INVALID_LOCK_MULTIPLIER       ; 5                         ; Untyped               ;
; SWITCH_OVER_ON_LOSSCLK        ; OFF                       ; Untyped               ;
; SWITCH_OVER_ON_GATED_LOCK     ; OFF                       ; Untyped               ;
; ENABLE_SWITCH_OVER_COUNTER    ; OFF                       ; Untyped               ;
; SKIP_VCO                      ; OFF                       ; Untyped               ;
; SWITCH_OVER_COUNTER           ; 0                         ; Untyped               ;
; SWITCH_OVER_TYPE              ; AUTO                      ; Untyped               ;
; FEEDBACK_SOURCE               ; EXTCLK0                   ; Untyped               ;
; BANDWIDTH                     ; 0                         ; Untyped               ;
; BANDWIDTH_TYPE                ; AUTO                      ; Untyped               ;
; SPREAD_FREQUENCY              ; 0                         ; Untyped               ;
; DOWN_SPREAD                   ; 0                         ; Untyped               ;
; SELF_RESET_ON_GATED_LOSS_LOCK ; OFF                       ; Untyped               ;
; SELF_RESET_ON_LOSS_LOCK       ; OFF                       ; Untyped               ;
; CLK9_MULTIPLY_BY              ; 0                         ; Untyped               ;
; CLK8_MULTIPLY_BY              ; 0                         ; Untyped               ;
; CLK7_MULTIPLY_BY              ; 0                         ; Untyped               ;
; CLK6_MULTIPLY_BY              ; 0                         ; Untyped               ;
; CLK5_MULTIPLY_BY              ; 1                         ; Untyped               ;
; CLK4_MULTIPLY_BY              ; 1                         ; Untyped               ;
; CLK3_MULTIPLY_BY              ; 1                         ; Untyped               ;
; CLK2_MULTIPLY_BY              ; 1                         ; Untyped               ;
; CLK1_MULTIPLY_BY              ; 1                         ; Untyped               ;
; CLK0_MULTIPLY_BY              ; 1                         ; Signed Integer        ;
; CLK9_DIVIDE_BY                ; 0                         ; Untyped               ;
; CLK8_DIVIDE_BY                ; 0                         ; Untyped               ;
; CLK7_DIVIDE_BY                ; 0                         ; Untyped               ;
; CLK6_DIVIDE_BY                ; 0                         ; Untyped               ;
; CLK5_DIVIDE_BY                ; 1                         ; Untyped               ;
; CLK4_DIVIDE_BY                ; 1                         ; Untyped               ;
; CLK3_DIVIDE_BY                ; 1                         ; Untyped               ;
; CLK2_DIVIDE_BY                ; 1                         ; Untyped               ;
; CLK1_DIVIDE_BY                ; 1                         ; Untyped               ;
; CLK0_DIVIDE_BY                ; 2                         ; Signed Integer        ;
; CLK9_PHASE_SHIFT              ; 0                         ; Untyped               ;
; CLK8_PHASE_SHIFT              ; 0                         ; Untyped               ;
; CLK7_PHASE_SHIFT              ; 0                         ; Untyped               ;
; CLK6_PHASE_SHIFT              ; 0                         ; Untyped               ;
; CLK5_PHASE_SHIFT              ; 0                         ; Untyped               ;
; CLK4_PHASE_SHIFT              ; 0                         ; Untyped               ;
; CLK3_PHASE_SHIFT              ; 0                         ; Untyped               ;
; CLK2_PHASE_SHIFT              ; 0                         ; Untyped               ;
; CLK1_PHASE_SHIFT              ; 0                         ; Untyped               ;
; CLK0_PHASE_SHIFT              ; 0                         ; Untyped               ;
; CLK5_TIME_DELAY               ; 0                         ; Untyped               ;
; CLK4_TIME_DELAY               ; 0                         ; Untyped               ;
; CLK3_TIME_DELAY               ; 0                         ; Untyped               ;
; CLK2_TIME_DELAY               ; 0                         ; Untyped               ;
; CLK1_TIME_DELAY               ; 0                         ; Untyped               ;
; CLK0_TIME_DELAY               ; 0                         ; Untyped               ;
; CLK9_DUTY_CYCLE               ; 50                        ; Untyped               ;
; CLK8_DUTY_CYCLE               ; 50                        ; Untyped               ;
; CLK7_DUTY_CYCLE               ; 50                        ; Untyped               ;
; CLK6_DUTY_CYCLE               ; 50                        ; Untyped               ;
; CLK5_DUTY_CYCLE               ; 50                        ; Untyped               ;
; CLK4_DUTY_CYCLE               ; 50                        ; Untyped               ;
; CLK3_DUTY_CYCLE               ; 50                        ; Untyped               ;
; CLK2_DUTY_CYCLE               ; 50                        ; Untyped               ;
; CLK1_DUTY_CYCLE               ; 50                        ; Untyped               ;
; CLK0_DUTY_CYCLE               ; 50                        ; Signed Integer        ;
; CLK9_USE_EVEN_COUNTER_MODE    ; OFF                       ; Untyped               ;
; CLK8_USE_EVEN_COUNTER_MODE    ; OFF                       ; Untyped               ;
; CLK7_USE_EVEN_COUNTER_MODE    ; OFF                       ; Untyped               ;
; CLK6_USE_EVEN_COUNTER_MODE    ; OFF                       ; Untyped               ;
; CLK5_USE_EVEN_COUNTER_MODE    ; OFF                       ; Untyped               ;
; CLK4_USE_EVEN_COUNTER_MODE    ; OFF                       ; Untyped               ;
; CLK3_USE_EVEN_COUNTER_MODE    ; OFF                       ; Untyped               ;
; CLK2_USE_EVEN_COUNTER_MODE    ; OFF                       ; Untyped               ;
; CLK1_USE_EVEN_COUNTER_MODE    ; OFF                       ; Untyped               ;
; CLK0_USE_EVEN_COUNTER_MODE    ; OFF                       ; Untyped               ;
; CLK9_USE_EVEN_COUNTER_VALUE   ; OFF                       ; Untyped               ;
; CLK8_USE_EVEN_COUNTER_VALUE   ; OFF                       ; Untyped               ;
; CLK7_USE_EVEN_COUNTER_VALUE   ; OFF                       ; Untyped               ;
; CLK6_USE_EVEN_COUNTER_VALUE   ; OFF                       ; Untyped               ;
; CLK5_USE_EVEN_COUNTER_VALUE   ; OFF                       ; Untyped               ;
; CLK4_USE_EVEN_COUNTER_VALUE   ; OFF                       ; Untyped               ;
; CLK3_USE_EVEN_COUNTER_VALUE   ; OFF                       ; Untyped               ;
; CLK2_USE_EVEN_COUNTER_VALUE   ; OFF                       ; Untyped               ;
; CLK1_USE_EVEN_COUNTER_VALUE   ; OFF                       ; Untyped               ;
; CLK0_USE_EVEN_COUNTER_VALUE   ; OFF                       ; Untyped               ;
; LOCK_WINDOW_UI                ;  0.05                     ; Untyped               ;
; LOCK_WINDOW_UI_BITS           ; UNUSED                    ; Untyped               ;
; VCO_RANGE_DETECTOR_LOW_BITS   ; UNUSED                    ; Untyped               ;
; VCO_RANGE_DETECTOR_HIGH_BITS  ; UNUSED                    ; Untyped               ;
; DPA_MULTIPLY_BY               ; 0                         ; Untyped               ;
; DPA_DIVIDE_BY                 ; 1                         ; Untyped               ;
; DPA_DIVIDER                   ; 0                         ; Untyped               ;
; EXTCLK3_MULTIPLY_BY           ; 1                         ; Untyped               ;
; EXTCLK2_MULTIPLY_BY           ; 1                         ; Untyped               ;
; EXTCLK1_MULTIPLY_BY           ; 1                         ; Untyped               ;
; EXTCLK0_MULTIPLY_BY           ; 1                         ; Untyped               ;
; EXTCLK3_DIVIDE_BY             ; 1                         ; Untyped               ;
; EXTCLK2_DIVIDE_BY             ; 1                         ; Untyped               ;
; EXTCLK1_DIVIDE_BY             ; 1                         ; Untyped               ;
; EXTCLK0_DIVIDE_BY             ; 1                         ; Untyped               ;
; EXTCLK3_PHASE_SHIFT           ; 0                         ; Untyped               ;
; EXTCLK2_PHASE_SHIFT           ; 0                         ; Untyped               ;
; EXTCLK1_PHASE_SHIFT           ; 0                         ; Untyped               ;
; EXTCLK0_PHASE_SHIFT           ; 0                         ; Untyped               ;
; EXTCLK3_TIME_DELAY            ; 0                         ; Untyped               ;
; EXTCLK2_TIME_DELAY            ; 0                         ; Untyped               ;
; EXTCLK1_TIME_DELAY            ; 0                         ; Untyped               ;
; EXTCLK0_TIME_DELAY            ; 0                         ; Untyped               ;
; EXTCLK3_DUTY_CYCLE            ; 50                        ; Untyped               ;
; EXTCLK2_DUTY_CYCLE            ; 50                        ; Untyped               ;
; EXTCLK1_DUTY_CYCLE            ; 50                        ; Untyped               ;
; EXTCLK0_DUTY_CYCLE            ; 50                        ; Untyped               ;
; VCO_MULTIPLY_BY               ; 0                         ; Untyped               ;
; VCO_DIVIDE_BY                 ; 0                         ; Untyped               ;
; SCLKOUT0_PHASE_SHIFT          ; 0                         ; Untyped               ;
; SCLKOUT1_PHASE_SHIFT          ; 0                         ; Untyped               ;
; VCO_MIN                       ; 0                         ; Untyped               ;
; VCO_MAX                       ; 0                         ; Untyped               ;
; VCO_CENTER                    ; 0                         ; Untyped               ;
; PFD_MIN                       ; 0                         ; Untyped               ;
; PFD_MAX                       ; 0                         ; Untyped               ;
; M_INITIAL                     ; 0                         ; Untyped               ;
; M                             ; 0                         ; Untyped               ;
; N                             ; 1                         ; Untyped               ;
; M2                            ; 1                         ; Untyped               ;
; N2                            ; 1                         ; Untyped               ;
; SS                            ; 1                         ; Untyped               ;
; C0_HIGH                       ; 0                         ; Untyped               ;
; C1_HIGH                       ; 0                         ; Untyped               ;
; C2_HIGH                       ; 0                         ; Untyped               ;
; C3_HIGH                       ; 0                         ; Untyped               ;
; C4_HIGH                       ; 0                         ; Untyped               ;
; C5_HIGH                       ; 0                         ; Untyped               ;
; C6_HIGH                       ; 0                         ; Untyped               ;
; C7_HIGH                       ; 0                         ; Untyped               ;
; C8_HIGH                       ; 0                         ; Untyped               ;
; C9_HIGH                       ; 0                         ; Untyped               ;
; C0_LOW                        ; 0                         ; Untyped               ;
; C1_LOW                        ; 0                         ; Untyped               ;
; C2_LOW                        ; 0                         ; Untyped               ;
; C3_LOW                        ; 0                         ; Untyped               ;
; C4_LOW                        ; 0                         ; Untyped               ;
; C5_LOW                        ; 0                         ; Untyped               ;
; C6_LOW                        ; 0                         ; Untyped               ;
; C7_LOW                        ; 0                         ; Untyped               ;
; C8_LOW                        ; 0                         ; Untyped               ;
; C9_LOW                        ; 0                         ; Untyped               ;
; C0_INITIAL                    ; 0                         ; Untyped               ;
; C1_INITIAL                    ; 0                         ; Untyped               ;
; C2_INITIAL                    ; 0                         ; Untyped               ;
; C3_INITIAL                    ; 0                         ; Untyped               ;
; C4_INITIAL                    ; 0                         ; Untyped               ;
; C5_INITIAL                    ; 0                         ; Untyped               ;
; C6_INITIAL                    ; 0                         ; Untyped               ;
; C7_INITIAL                    ; 0                         ; Untyped               ;
; C8_INITIAL                    ; 0                         ; Untyped               ;
; C9_INITIAL                    ; 0                         ; Untyped               ;
; C0_MODE                       ; BYPASS                    ; Untyped               ;
; C1_MODE                       ; BYPASS                    ; Untyped               ;
; C2_MODE                       ; BYPASS                    ; Untyped               ;
; C3_MODE                       ; BYPASS                    ; Untyped               ;
; C4_MODE                       ; BYPASS                    ; Untyped               ;
; C5_MODE                       ; BYPASS                    ; Untyped               ;
; C6_MODE                       ; BYPASS                    ; Untyped               ;
; C7_MODE                       ; BYPASS                    ; Untyped               ;
; C8_MODE                       ; BYPASS                    ; Untyped               ;
; C9_MODE                       ; BYPASS                    ; Untyped               ;
; C0_PH                         ; 0                         ; Untyped               ;
; C1_PH                         ; 0                         ; Untyped               ;
; C2_PH                         ; 0                         ; Untyped               ;
; C3_PH                         ; 0                         ; Untyped               ;
; C4_PH                         ; 0                         ; Untyped               ;
; C5_PH                         ; 0                         ; Untyped               ;
; C6_PH                         ; 0                         ; Untyped               ;
; C7_PH                         ; 0                         ; Untyped               ;
; C8_PH                         ; 0                         ; Untyped               ;
; C9_PH                         ; 0                         ; Untyped               ;
; L0_HIGH                       ; 1                         ; Untyped               ;
; L1_HIGH                       ; 1                         ; Untyped               ;
; G0_HIGH                       ; 1                         ; Untyped               ;
; G1_HIGH                       ; 1                         ; Untyped               ;
; G2_HIGH                       ; 1                         ; Untyped               ;
; G3_HIGH                       ; 1                         ; Untyped               ;
; E0_HIGH                       ; 1                         ; Untyped               ;
; E1_HIGH                       ; 1                         ; Untyped               ;
; E2_HIGH                       ; 1                         ; Untyped               ;
; E3_HIGH                       ; 1                         ; Untyped               ;
; L0_LOW                        ; 1                         ; Untyped               ;
; L1_LOW                        ; 1                         ; Untyped               ;
; G0_LOW                        ; 1                         ; Untyped               ;
; G1_LOW                        ; 1                         ; Untyped               ;
; G2_LOW                        ; 1                         ; Untyped               ;
; G3_LOW                        ; 1                         ; Untyped               ;
; E0_LOW                        ; 1                         ; Untyped               ;
; E1_LOW                        ; 1                         ; Untyped               ;
; E2_LOW                        ; 1                         ; Untyped               ;
; E3_LOW                        ; 1                         ; Untyped               ;
; L0_INITIAL                    ; 1                         ; Untyped               ;
; L1_INITIAL                    ; 1                         ; Untyped               ;
; G0_INITIAL                    ; 1                         ; Untyped               ;
; G1_INITIAL                    ; 1                         ; Untyped               ;
; G2_INITIAL                    ; 1                         ; Untyped               ;
; G3_INITIAL                    ; 1                         ; Untyped               ;
; E0_INITIAL                    ; 1                         ; Untyped               ;
; E1_INITIAL                    ; 1                         ; Untyped               ;
; E2_INITIAL                    ; 1                         ; Untyped               ;
; E3_INITIAL                    ; 1                         ; Untyped               ;
; L0_MODE                       ; BYPASS                    ; Untyped               ;
; L1_MODE                       ; BYPASS                    ; Untyped               ;
; G0_MODE                       ; BYPASS                    ; Untyped               ;
; G1_MODE                       ; BYPASS                    ; Untyped               ;
; G2_MODE                       ; BYPASS                    ; Untyped               ;
; G3_MODE                       ; BYPASS                    ; Untyped               ;
; E0_MODE                       ; BYPASS                    ; Untyped               ;
; E1_MODE                       ; BYPASS                    ; Untyped               ;
; E2_MODE                       ; BYPASS                    ; Untyped               ;
; E3_MODE                       ; BYPASS                    ; Untyped               ;
; L0_PH                         ; 0                         ; Untyped               ;
; L1_PH                         ; 0                         ; Untyped               ;
; G0_PH                         ; 0                         ; Untyped               ;
; G1_PH                         ; 0                         ; Untyped               ;
; G2_PH                         ; 0                         ; Untyped               ;
; G3_PH                         ; 0                         ; Untyped               ;
; E0_PH                         ; 0                         ; Untyped               ;
; E1_PH                         ; 0                         ; Untyped               ;
; E2_PH                         ; 0                         ; Untyped               ;
; E3_PH                         ; 0                         ; Untyped               ;
; M_PH                          ; 0                         ; Untyped               ;
; C1_USE_CASC_IN                ; OFF                       ; Untyped               ;
; C2_USE_CASC_IN                ; OFF                       ; Untyped               ;
; C3_USE_CASC_IN                ; OFF                       ; Untyped               ;
; C4_USE_CASC_IN                ; OFF                       ; Untyped               ;
; C5_USE_CASC_IN                ; OFF                       ; Untyped               ;
; C6_USE_CASC_IN                ; OFF                       ; Untyped               ;
; C7_USE_CASC_IN                ; OFF                       ; Untyped               ;
; C8_USE_CASC_IN                ; OFF                       ; Untyped               ;
; C9_USE_CASC_IN                ; OFF                       ; Untyped               ;
; CLK0_COUNTER                  ; G0                        ; Untyped               ;
; CLK1_COUNTER                  ; G0                        ; Untyped               ;
; CLK2_COUNTER                  ; G0                        ; Untyped               ;
; CLK3_COUNTER                  ; G0                        ; Untyped               ;
; CLK4_COUNTER                  ; G0                        ; Untyped               ;
; CLK5_COUNTER                  ; G0                        ; Untyped               ;
; CLK6_COUNTER                  ; E0                        ; Untyped               ;
; CLK7_COUNTER                  ; E1                        ; Untyped               ;
; CLK8_COUNTER                  ; E2                        ; Untyped               ;
; CLK9_COUNTER                  ; E3                        ; Untyped               ;
; L0_TIME_DELAY                 ; 0                         ; Untyped               ;
; L1_TIME_DELAY                 ; 0                         ; Untyped               ;
; G0_TIME_DELAY                 ; 0                         ; Untyped               ;
; G1_TIME_DELAY                 ; 0                         ; Untyped               ;
; G2_TIME_DELAY                 ; 0                         ; Untyped               ;
; G3_TIME_DELAY                 ; 0                         ; Untyped               ;
; E0_TIME_DELAY                 ; 0                         ; Untyped               ;
; E1_TIME_DELAY                 ; 0                         ; Untyped               ;
; E2_TIME_DELAY                 ; 0                         ; Untyped               ;
; E3_TIME_DELAY                 ; 0                         ; Untyped               ;
; M_TIME_DELAY                  ; 0                         ; Untyped               ;
; N_TIME_DELAY                  ; 0                         ; Untyped               ;
; EXTCLK3_COUNTER               ; E3                        ; Untyped               ;
; EXTCLK2_COUNTER               ; E2                        ; Untyped               ;
; EXTCLK1_COUNTER               ; E1                        ; Untyped               ;
; EXTCLK0_COUNTER               ; E0                        ; Untyped               ;
; ENABLE0_COUNTER               ; L0                        ; Untyped               ;
; ENABLE1_COUNTER               ; L0                        ; Untyped               ;
; CHARGE_PUMP_CURRENT           ; 2                         ; Untyped               ;
; LOOP_FILTER_R                 ;  1.000000                 ; Untyped               ;
; LOOP_FILTER_C                 ; 5                         ; Untyped               ;
; CHARGE_PUMP_CURRENT_BITS      ; 9999                      ; Untyped               ;
; LOOP_FILTER_R_BITS            ; 9999                      ; Untyped               ;
; LOOP_FILTER_C_BITS            ; 9999                      ; Untyped               ;
; VCO_POST_SCALE                ; 0                         ; Untyped               ;
; CLK2_OUTPUT_FREQUENCY         ; 0                         ; Untyped               ;
; CLK1_OUTPUT_FREQUENCY         ; 0                         ; Untyped               ;
; CLK0_OUTPUT_FREQUENCY         ; 0                         ; Untyped               ;
; INTENDED_DEVICE_FAMILY        ; Cyclone III               ; Untyped               ;
; PORT_CLKENA0                  ; PORT_UNUSED               ; Untyped               ;
; PORT_CLKENA1                  ; PORT_UNUSED               ; Untyped               ;
; PORT_CLKENA2                  ; PORT_UNUSED               ; Untyped               ;
; PORT_CLKENA3                  ; PORT_UNUSED               ; Untyped               ;
; PORT_CLKENA4                  ; PORT_UNUSED               ; Untyped               ;
; PORT_CLKENA5                  ; PORT_UNUSED               ; Untyped               ;
; PORT_EXTCLKENA0               ; PORT_CONNECTIVITY         ; Untyped               ;
; PORT_EXTCLKENA1               ; PORT_CONNECTIVITY         ; Untyped               ;
; PORT_EXTCLKENA2               ; PORT_CONNECTIVITY         ; Untyped               ;
; PORT_EXTCLKENA3               ; PORT_CONNECTIVITY         ; Untyped               ;
; PORT_EXTCLK0                  ; PORT_UNUSED               ; Untyped               ;
; PORT_EXTCLK1                  ; PORT_UNUSED               ; Untyped               ;
; PORT_EXTCLK2                  ; PORT_UNUSED               ; Untyped               ;
; PORT_EXTCLK3                  ; PORT_UNUSED               ; Untyped               ;
; PORT_CLKBAD0                  ; PORT_UNUSED               ; Untyped               ;
; PORT_CLKBAD1                  ; PORT_UNUSED               ; Untyped               ;
; PORT_CLK0                     ; PORT_USED                 ; Untyped               ;
; PORT_CLK1                     ; PORT_UNUSED               ; Untyped               ;
; PORT_CLK2                     ; PORT_UNUSED               ; Untyped               ;
; PORT_CLK3                     ; PORT_UNUSED               ; Untyped               ;
; PORT_CLK4                     ; PORT_UNUSED               ; Untyped               ;
; PORT_CLK5                     ; PORT_UNUSED               ; Untyped               ;
; PORT_CLK6                     ; PORT_UNUSED               ; Untyped               ;
; PORT_CLK7                     ; PORT_UNUSED               ; Untyped               ;
; PORT_CLK8                     ; PORT_UNUSED               ; Untyped               ;
; PORT_CLK9                     ; PORT_UNUSED               ; Untyped               ;
; PORT_SCANDATA                 ; PORT_UNUSED               ; Untyped               ;
; PORT_SCANDATAOUT              ; PORT_UNUSED               ; Untyped               ;
; PORT_SCANDONE                 ; PORT_UNUSED               ; Untyped               ;
; PORT_SCLKOUT1                 ; PORT_CONNECTIVITY         ; Untyped               ;
; PORT_SCLKOUT0                 ; PORT_CONNECTIVITY         ; Untyped               ;
; PORT_ACTIVECLOCK              ; PORT_UNUSED               ; Untyped               ;
; PORT_CLKLOSS                  ; PORT_UNUSED               ; Untyped               ;
; PORT_INCLK1                   ; PORT_UNUSED               ; Untyped               ;
; PORT_INCLK0                   ; PORT_USED                 ; Untyped               ;
; PORT_FBIN                     ; PORT_UNUSED               ; Untyped               ;
; PORT_PLLENA                   ; PORT_UNUSED               ; Untyped               ;
; PORT_CLKSWITCH                ; PORT_UNUSED               ; Untyped               ;
; PORT_ARESET                   ; PORT_USED                 ; Untyped               ;
; PORT_PFDENA                   ; PORT_UNUSED               ; Untyped               ;
; PORT_SCANCLK                  ; PORT_UNUSED               ; Untyped               ;
; PORT_SCANACLR                 ; PORT_UNUSED               ; Untyped               ;
; PORT_SCANREAD                 ; PORT_UNUSED               ; Untyped               ;
; PORT_SCANWRITE                ; PORT_UNUSED               ; Untyped               ;
; PORT_ENABLE0                  ; PORT_CONNECTIVITY         ; Untyped               ;
; PORT_ENABLE1                  ; PORT_CONNECTIVITY         ; Untyped               ;
; PORT_LOCKED                   ; PORT_USED                 ; Untyped               ;
; PORT_CONFIGUPDATE             ; PORT_UNUSED               ; Untyped               ;
; PORT_FBOUT                    ; PORT_CONNECTIVITY         ; Untyped               ;
; PORT_PHASEDONE                ; PORT_UNUSED               ; Untyped               ;
; PORT_PHASESTEP                ; PORT_UNUSED               ; Untyped               ;
; PORT_PHASEUPDOWN              ; PORT_UNUSED               ; Untyped               ;
; PORT_SCANCLKENA               ; PORT_UNUSED               ; Untyped               ;
; PORT_PHASECOUNTERSELECT       ; PORT_UNUSED               ; Untyped               ;
; PORT_VCOOVERRANGE             ; PORT_CONNECTIVITY         ; Untyped               ;
; PORT_VCOUNDERRANGE            ; PORT_CONNECTIVITY         ; Untyped               ;
; M_TEST_SOURCE                 ; 5                         ; Untyped               ;
; C0_TEST_SOURCE                ; 5                         ; Untyped               ;
; C1_TEST_SOURCE                ; 5                         ; Untyped               ;
; C2_TEST_SOURCE                ; 5                         ; Untyped               ;
; C3_TEST_SOURCE                ; 5                         ; Untyped               ;
; C4_TEST_SOURCE                ; 5                         ; Untyped               ;
; C5_TEST_SOURCE                ; 5                         ; Untyped               ;
; C6_TEST_SOURCE                ; 5                         ; Untyped               ;
; C7_TEST_SOURCE                ; 5                         ; Untyped               ;
; C8_TEST_SOURCE                ; 5                         ; Untyped               ;
; C9_TEST_SOURCE                ; 5                         ; Untyped               ;
; CBXI_PARAMETER                ; altpll0_altpll            ; Untyped               ;
; VCO_FREQUENCY_CONTROL         ; AUTO                      ; Untyped               ;
; VCO_PHASE_SHIFT_STEP          ; 0                         ; Untyped               ;
; WIDTH_CLOCK                   ; 5                         ; Signed Integer        ;
; WIDTH_PHASECOUNTERSELECT      ; 4                         ; Untyped               ;
; USING_FBMIMICBIDIR_PORT       ; OFF                       ; Untyped               ;
; DEVICE_FAMILY                 ; Cyclone V                 ; Untyped               ;
; SCAN_CHAIN_MIF_FILE           ; UNUSED                    ; Untyped               ;
; SIM_GATE_LOCK_DEVICE_BEHAVIOR ; OFF                       ; Untyped               ;
; AUTO_CARRY_CHAINS             ; ON                        ; AUTO_CARRY            ;
; IGNORE_CARRY_BUFFERS          ; OFF                       ; IGNORE_CARRY          ;
; AUTO_CASCADE_CHAINS           ; ON                        ; AUTO_CASCADE          ;
; IGNORE_CASCADE_BUFFERS        ; OFF                       ; IGNORE_CASCADE        ;
+-------------------------------+---------------------------+-----------------------+
Note: In order to hide this table in the UI and the text report file, please set the "Show Parameter Settings in Synthesis Report" option in "Analysis and Synthesis Settings -> More Settings" to "Off".


+-------------------------------+
; Analysis & Synthesis Messages ;
+-------------------------------+
Info: *******************************************************************
Info: Running Quartus Prime Analysis & Synthesis
    Info: Version 22.1std.1 Build 917 02/14/2023 SC Lite Edition
    Info: Processing started: Wed May 24 08:38:38 2023
Info: Command: quartus_map --read_settings_files=on --write_settings_files=off mini_project -c mini_project
Warning (18236): Number of processors has not been specified which may cause overloading on shared machines.  Set the global assignment NUM_PARALLEL_PROCESSORS in your QSF to an appropriate value for best performance.
Info (20030): Parallel compilation is enabled and will use 16 of the 16 processors detected
Info (12021): Found 2 design units, including 1 entities, in source file /mini_project-305/health.vhd
    Info (12022): Found design unit 1: health-behaviour File: C:/Mini_Project-305/health.vhd Line: 17
    Info (12023): Found entity 1: health File: C:/Mini_Project-305/health.vhd Line: 6
Info (12021): Found 2 design units, including 1 entities, in source file /mini_project-305/lfsr.vhd
    Info (12022): Found design unit 1: LFSR8-LFSR8_beh File: C:/Mini_Project-305/lfsr.vhd Line: 9
    Info (12023): Found entity 1: LFSR8 File: C:/Mini_Project-305/lfsr.vhd Line: 4
Info (12021): Found 2 design units, including 1 entities, in source file /mini_project-305/collision.vhd
    Info (12022): Found design unit 1: collision-behaviour File: C:/Mini_Project-305/collision.vhd Line: 15
    Info (12023): Found entity 1: collision File: C:/Mini_Project-305/collision.vhd Line: 5
Info (12021): Found 2 design units, including 1 entities, in source file /mini_project-305/score.vhd
    Info (12022): Found design unit 1: score-score_counter File: C:/Mini_Project-305/score.vhd Line: 14
    Info (12023): Found entity 1: score File: C:/Mini_Project-305/score.vhd Line: 6
Info (12021): Found 2 design units, including 1 entities, in source file /mini_project-305/bcd.vhd
    Info (12022): Found design unit 1: bcd-display_score File: C:/Mini_Project-305/bcd.vhd Line: 17
    Info (12023): Found entity 1: bcd File: C:/Mini_Project-305/bcd.vhd Line: 6
Info (12021): Found 2 design units, including 1 entities, in source file /mini_project-305/pipes.vhd
    Info (12022): Found design unit 1: pipes-behavior File: C:/Mini_Project-305/pipes.vhd Line: 16
    Info (12023): Found entity 1: pipes File: C:/Mini_Project-305/pipes.vhd Line: 7
Info (12021): Found 2 design units, including 1 entities, in source file /mini_project-305/bird.vhd
    Info (12022): Found design unit 1: bird-behavior File: C:/Mini_Project-305/bird.vhd Line: 16
    Info (12023): Found entity 1: bird File: C:/Mini_Project-305/bird.vhd Line: 7
Info (12021): Found 2 design units, including 1 entities, in source file /mini_project-305/colours.vhd
    Info (12022): Found design unit 1: colours-behaviour File: C:/Mini_Project-305/colours.vhd Line: 16
    Info (12023): Found entity 1: colours File: C:/Mini_Project-305/colours.vhd Line: 6
Info (12021): Found 2 design units, including 1 entities, in source file /mini_project-305/vga_sync.vhd
    Info (12022): Found design unit 1: VGA_SYNC-a File: C:/Mini_Project-305/vga_sync.vhd Line: 15
    Info (12023): Found entity 1: VGA_SYNC File: C:/Mini_Project-305/vga_sync.vhd Line: 7
Info (12021): Found 2 design units, including 1 entities, in source file /mini_project-305/mouse.vhd
    Info (12022): Found design unit 1: MOUSE-behavior File: C:/Mini_Project-305/mouse.vhd Line: 18
    Info (12023): Found entity 1: MOUSE File: C:/Mini_Project-305/mouse.vhd Line: 9
Info (12021): Found 2 design units, including 1 entities, in source file /mini_project-305/char_rom.vhd
    Info (12022): Found design unit 1: char_rom-SYN File: C:/Mini_Project-305/char_rom.vhd Line: 20
    Info (12023): Found entity 1: char_rom File: C:/Mini_Project-305/char_rom.vhd Line: 9
Info (12021): Found 2 design units, including 1 entities, in source file altpll0.vhd
    Info (12022): Found design unit 1: altpll0-SYN File: C:/Mini_Project-305/mini_project/altpll0.vhd Line: 53
    Info (12023): Found entity 1: altpll0 File: C:/Mini_Project-305/mini_project/altpll0.vhd Line: 42
Info (12021): Found 1 design units, including 1 entities, in source file mini_project.bdf
    Info (12023): Found entity 1: mini_project
Info (12021): Found 2 design units, including 1 entities, in source file /mini_project-305/state_controller.vhd
    Info (12022): Found design unit 1: state_controller-behaviour File: C:/Mini_Project-305/state_controller.vhd Line: 13
    Info (12023): Found entity 1: state_controller File: C:/Mini_Project-305/state_controller.vhd Line: 4
Info (12127): Elaborating entity "mini_project" for the top level hierarchy
Warning (275011): Block or symbol "VGA_SYNC" of instance "inst3" overlaps another block or symbol
Warning (275011): Block or symbol "health" of instance "inst15" overlaps another block or symbol
Info (12128): Elaborating entity "VGA_SYNC" for hierarchy "VGA_SYNC:inst3"
Info (12128): Elaborating entity "altpll0" for hierarchy "altpll0:inst"
Info (12128): Elaborating entity "altpll" for hierarchy "altpll0:inst|altpll:altpll_component" File: C:/Mini_Project-305/mini_project/altpll0.vhd Line: 140
Info (12130): Elaborated megafunction instantiation "altpll0:inst|altpll:altpll_component" File: C:/Mini_Project-305/mini_project/altpll0.vhd Line: 140
Info (12133): Instantiated megafunction "altpll0:inst|altpll:altpll_component" with the following parameter: File: C:/Mini_Project-305/mini_project/altpll0.vhd Line: 140
    Info (12134): Parameter "bandwidth_type" = "AUTO"
    Info (12134): Parameter "clk0_divide_by" = "2"
    Info (12134): Parameter "clk0_duty_cycle" = "50"
    Info (12134): Parameter "clk0_multiply_by" = "1"
    Info (12134): Parameter "clk0_phase_shift" = "0"
    Info (12134): Parameter "compensate_clock" = "CLK0"
    Info (12134): Parameter "inclk0_input_frequency" = "20000"
    Info (12134): Parameter "intended_device_family" = "Cyclone III"
    Info (12134): Parameter "lpm_hint" = "CBX_MODULE_PREFIX=altpll0"
    Info (12134): Parameter "lpm_type" = "altpll"
    Info (12134): Parameter "operation_mode" = "NORMAL"
    Info (12134): Parameter "pll_type" = "AUTO"
    Info (12134): Parameter "port_activeclock" = "PORT_UNUSED"
    Info (12134): Parameter "port_areset" = "PORT_USED"
    Info (12134): Parameter "port_clkbad0" = "PORT_UNUSED"
    Info (12134): Parameter "port_clkbad1" = "PORT_UNUSED"
    Info (12134): Parameter "port_clkloss" = "PORT_UNUSED"
    Info (12134): Parameter "port_clkswitch" = "PORT_UNUSED"
    Info (12134): Parameter "port_configupdate" = "PORT_UNUSED"
    Info (12134): Parameter "port_fbin" = "PORT_UNUSED"
    Info (12134): Parameter "port_inclk0" = "PORT_USED"
    Info (12134): Parameter "port_inclk1" = "PORT_UNUSED"
    Info (12134): Parameter "port_locked" = "PORT_USED"
    Info (12134): Parameter "port_pfdena" = "PORT_UNUSED"
    Info (12134): Parameter "port_phasecounterselect" = "PORT_UNUSED"
    Info (12134): Parameter "port_phasedone" = "PORT_UNUSED"
    Info (12134): Parameter "port_phasestep" = "PORT_UNUSED"
    Info (12134): Parameter "port_phaseupdown" = "PORT_UNUSED"
    Info (12134): Parameter "port_pllena" = "PORT_UNUSED"
    Info (12134): Parameter "port_scanaclr" = "PORT_UNUSED"
    Info (12134): Parameter "port_scanclk" = "PORT_UNUSED"
    Info (12134): Parameter "port_scanclkena" = "PORT_UNUSED"
    Info (12134): Parameter "port_scandata" = "PORT_UNUSED"
    Info (12134): Parameter "port_scandataout" = "PORT_UNUSED"
    Info (12134): Parameter "port_scandone" = "PORT_UNUSED"
    Info (12134): Parameter "port_scanread" = "PORT_UNUSED"
    Info (12134): Parameter "port_scanwrite" = "PORT_UNUSED"
    Info (12134): Parameter "port_clk0" = "PORT_USED"
    Info (12134): Parameter "port_clk1" = "PORT_UNUSED"
    Info (12134): Parameter "port_clk2" = "PORT_UNUSED"
    Info (12134): Parameter "port_clk3" = "PORT_UNUSED"
    Info (12134): Parameter "port_clk4" = "PORT_UNUSED"
    Info (12134): Parameter "port_clk5" = "PORT_UNUSED"
    Info (12134): Parameter "port_clkena0" = "PORT_UNUSED"
    Info (12134): Parameter "port_clkena1" = "PORT_UNUSED"
    Info (12134): Parameter "port_clkena2" = "PORT_UNUSED"
    Info (12134): Parameter "port_clkena3" = "PORT_UNUSED"
    Info (12134): Parameter "port_clkena4" = "PORT_UNUSED"
    Info (12134): Parameter "port_clkena5" = "PORT_UNUSED"
    Info (12134): Parameter "port_extclk0" = "PORT_UNUSED"
    Info (12134): Parameter "port_extclk1" = "PORT_UNUSED"
    Info (12134): Parameter "port_extclk2" = "PORT_UNUSED"
    Info (12134): Parameter "port_extclk3" = "PORT_UNUSED"
    Info (12134): Parameter "self_reset_on_loss_lock" = "OFF"
    Info (12134): Parameter "width_clock" = "5"
Info (12021): Found 1 design units, including 1 entities, in source file db/altpll0_altpll.v
    Info (12023): Found entity 1: altpll0_altpll File: C:/Mini_Project-305/mini_project/db/altpll0_altpll.v Line: 30
Info (12128): Elaborating entity "altpll0_altpll" for hierarchy "altpll0:inst|altpll:altpll_component|altpll0_altpll:auto_generated" File: c:/intelfpga_lite/22.1std/quartus/libraries/megafunctions/altpll.tdf Line: 898
Info (12128): Elaborating entity "colours" for hierarchy "colours:inst5"
Info (12128): Elaborating entity "health" for hierarchy "health:inst15"
Info (12128): Elaborating entity "collision" for hierarchy "collision:inst14"
Info (12128): Elaborating entity "bird" for hierarchy "bird:inst6"
Info (12128): Elaborating entity "MOUSE" for hierarchy "MOUSE:inst11"
Warning (10036): Verilog HDL or VHDL warning at mouse.vhd(25): object "CHARIN" assigned a value but never read File: C:/Mini_Project-305/mouse.vhd Line: 25
Warning (10492): VHDL Process Statement warning at mouse.vhd(151): signal "CHAROUT" is read inside the Process Statement but isn't in the Process Statement's sensitivity list File: C:/Mini_Project-305/mouse.vhd Line: 151
Warning (10492): VHDL Process Statement warning at mouse.vhd(155): signal "CHAROUT" is read inside the Process Statement but isn't in the Process Statement's sensitivity list File: C:/Mini_Project-305/mouse.vhd Line: 155
Warning (10492): VHDL Process Statement warning at mouse.vhd(156): signal "CHAROUT" is read inside the Process Statement but isn't in the Process Statement's sensitivity list File: C:/Mini_Project-305/mouse.vhd Line: 156
Warning (10492): VHDL Process Statement warning at mouse.vhd(157): signal "CHAROUT" is read inside the Process Statement but isn't in the Process Statement's sensitivity list File: C:/Mini_Project-305/mouse.vhd Line: 157
Info (12128): Elaborating entity "state_controller" for hierarchy "state_controller:inst8"
Info (12128): Elaborating entity "pipes" for hierarchy "pipes:inst2"
Warning (10542): VHDL Variable Declaration warning at pipes.vhd(49): used initial value expression for variable "accel_time" because variable was never assigned a value File: C:/Mini_Project-305/pipes.vhd Line: 49
Info (12128): Elaborating entity "LFSR8" for hierarchy "LFSR8:inst9"
Info (12128): Elaborating entity "bcd" for hierarchy "bcd:inst1"
Warning (10492): VHDL Process Statement warning at bcd.vhd(47): signal "digit0" is read inside the Process Statement but isn't in the Process Statement's sensitivity list File: C:/Mini_Project-305/bcd.vhd Line: 47
Warning (10492): VHDL Process Statement warning at bcd.vhd(60): signal "digit1" is read inside the Process Statement but isn't in the Process Statement's sensitivity list File: C:/Mini_Project-305/bcd.vhd Line: 60
Warning (10492): VHDL Process Statement warning at bcd.vhd(73): signal "digit2" is read inside the Process Statement but isn't in the Process Statement's sensitivity list File: C:/Mini_Project-305/bcd.vhd Line: 73
Warning (10492): VHDL Process Statement warning at bcd.vhd(86): signal "digit3" is read inside the Process Statement but isn't in the Process Statement's sensitivity list File: C:/Mini_Project-305/bcd.vhd Line: 86
Info (12128): Elaborating entity "score" for hierarchy "score:inst7"
Warning (10492): VHDL Process Statement warning at score.vhd(33): signal "tmp" is read inside the Process Statement but isn't in the Process Statement's sensitivity list File: C:/Mini_Project-305/score.vhd Line: 33
Warning (10492): VHDL Process Statement warning at score.vhd(39): signal "game_state" is read inside the Process Statement but isn't in the Process Statement's sensitivity list File: C:/Mini_Project-305/score.vhd Line: 39
Warning (10492): VHDL Process Statement warning at score.vhd(43): signal "game_state" is read inside the Process Statement but isn't in the Process Statement's sensitivity list File: C:/Mini_Project-305/score.vhd Line: 43
Warning (10492): VHDL Process Statement warning at score.vhd(60): signal "score_tmp" is read inside the Process Statement but isn't in the Process Statement's sensitivity list File: C:/Mini_Project-305/score.vhd Line: 60
Warning (12001): Port "led0_out[7]" does not exist in entity definition of "bcd".  The port's range differs between the entity definition and its actual instantiation, "bcd:inst1".
Warning (12001): Port "led1_out[7]" does not exist in entity definition of "bcd".  The port's range differs between the entity definition and its actual instantiation, "bcd:inst1".
Warning (12001): Port "led2_out[7]" does not exist in entity definition of "bcd".  The port's range differs between the entity definition and its actual instantiation, "bcd:inst1".
Warning (12001): Port "led3_out[7]" does not exist in entity definition of "bcd".  The port's range differs between the entity definition and its actual instantiation, "bcd:inst1".
Error (12009): Node "seg0[7]" is missing source
Error (12009): Node "seg1[7]" is missing source
Error (12009): Node "seg2[7]" is missing source
Error (12009): Node "seg3[7]" is missing source
Error: Quartus Prime Analysis & Synthesis was unsuccessful. 4 errors, 21 warnings
    Error: Peak virtual memory: 4874 megabytes
    Error: Processing ended: Wed May 24 08:38:45 2023
    Error: Elapsed time: 00:00:07
    Error: Total CPU time (on all processors): 00:00:08


